<?xml version="1.0" encoding="UTF-8"?>
<!-- Generated by org.testng.reporters.JUnitReportReporter -->
<testsuite hostname="LTIN258487" failures="0" tests="1" name="castests.Scroll" time="46.168" errors="0" timestamp="2024-03-12T00:16:02 IST" skipped="0">
  <testcase classname="castests.Scroll" name="lunch" time="46.168"/>
</testsuite> <!-- castests.Scroll -->
