<?xml version="1.0" encoding="UTF-8"?>
<!-- Generated by org.testng.reporters.JUnitReportReporter -->
<testsuite hostname="LTIN258487" failures="0" tests="1" name="testCases.TC_003_AlphabatesTest" time="31.189" errors="0" timestamp="2024-03-15T17:40:01 IST" skipped="0">
  <testcase classname="testCases.TC_003_AlphabatesTest" name="alphabatescheck" time="31.189"/>
</testsuite> <!-- testCases.TC_003_AlphabatesTest -->
