<?xml version="1.0" encoding="UTF-8"?>
<!-- Generated by org.testng.reporters.JUnitReportReporter -->
<testsuite hostname="LTIN258487" failures="0" tests="1" name="testCases.Amazon" time="13.990" errors="0" timestamp="2024-03-26T11:06:38 IST" skipped="0">
  <testcase classname="testCases.Amazon" name="login" time="13.990"/>
</testsuite> <!-- testCases.Amazon -->
