<?xml version="1.0" encoding="UTF-8"?>
<!-- Generated by org.testng.reporters.JUnitReportReporter -->
<testsuite hostname="LTIN258487" failures="0" tests="1" name="testCases.TC_01_AccountValidation" time="10.391" errors="0" timestamp="2024-03-15T17:40:00 IST" skipped="0">
  <testcase classname="testCases.TC_01_AccountValidation" name="accountinfovalidation" time="10.391"/>
</testsuite> <!-- testCases.TC_01_AccountValidation -->
